
                            < M A T L A B (R) >
                  Copyright 1984-2015 The MathWorks, Inc.
                   R2015b (8.6.0.267246) 64-bit (glnxa64)
                              August 20, 2015

 
To get started, type one of these: helpwin, helpdesk, or demo.
For product information, visit www.mathworks.com.
 

	Academic License

>> >> >> >> >> >> >> >> >> >> >> >> >> >> >> >> >> >> >> >> >> >> >> >> >> >> >> >> >> >> >> >> >> >> >> >> >> >> >> >> >> >> >> >> >> >> >> >> >> >> >> >> >> >> >> >> >> >> >> >> >> >> >> >> >> >> >> >> >> >> >> >> >> >> >> --------------------------------------------------------------------------------

case 1: 
omega/(2*pi) = 60,   1/h = 240   1/h_c = 60,  NPW = 4 
--------------------------------------------------------------------------------
Step1: S-FEM, low frequency 
Elapsed time is 13.648415 seconds.
--------------------------------------------------------------------------------
Step2: NMLA, low frequency 
Elapsed time is 9.140349 seconds.
--------------------------------------------------------------------------------
Step3: Ray-FEM, high frequency 
Elapsed time is 4.692754 seconds.
--------------------------------------------------------------------------------
Step4: NMLA, high frequency 
Elapsed time is 4.978532 seconds.
--------------------------------------------------------------------------------
Step5: Ray-FEM, high frequency 
Elapsed time is 2.259458 seconds.
Elapsed time is 12.953698 seconds.
--------------------------------------------------------------------------------

case 2: 
omega/(2*pi) = 80,   1/h = 320   1/h_c = 80,  NPW = 4 
--------------------------------------------------------------------------------
Step1: S-FEM, low frequency 
Elapsed time is 24.066836 seconds.
--------------------------------------------------------------------------------
Step2: NMLA, low frequency 
Elapsed time is 14.962601 seconds.
--------------------------------------------------------------------------------
Step3: Ray-FEM, high frequency 
Elapsed time is 8.648833 seconds.
--------------------------------------------------------------------------------
Step4: NMLA, high frequency 
Elapsed time is 8.860285 seconds.
--------------------------------------------------------------------------------
Step5: Ray-FEM, high frequency 
Elapsed time is 4.463717 seconds.
Elapsed time is 12.814974 seconds.
--------------------------------------------------------------------------------

case 3: 
omega/(2*pi) = 120,   1/h = 480   1/h_c = 80,  NPW = 4 
--------------------------------------------------------------------------------
Step1: S-FEM, low frequency 
Elapsed time is 59.320467 seconds.
--------------------------------------------------------------------------------
Step2: NMLA, low frequency 
Elapsed time is 15.214891 seconds.
--------------------------------------------------------------------------------
Step3: Ray-FEM, high frequency 
Elapsed time is 21.980379 seconds.
--------------------------------------------------------------------------------
Step4: NMLA, high frequency 
Elapsed time is 10.105728 seconds.
--------------------------------------------------------------------------------
Step5: Ray-FEM, high frequency 
Elapsed time is 9.927263 seconds.
Elapsed time is 12.710692 seconds.
--------------------------------------------------------------------------------

case 4: 
omega/(2*pi) = 160,   1/h = 640   1/h_c = 100,  NPW = 4 
--------------------------------------------------------------------------------
Step1: S-FEM, low frequency 
Elapsed time is 124.273328 seconds.
--------------------------------------------------------------------------------
Step2: NMLA, low frequency 
Elapsed time is 24.900937 seconds.
--------------------------------------------------------------------------------
Step3: Ray-FEM, high frequency 
Elapsed time is 45.209574 seconds.
--------------------------------------------------------------------------------
Step4: NMLA, high frequency 
Elapsed time is 15.641575 seconds.
--------------------------------------------------------------------------------
Step5: Ray-FEM, high frequency 
Elapsed time is 19.024834 seconds.
Elapsed time is 12.707519 seconds.
--------------------------------------------------------------------------------

case 5: 
omega/(2*pi) = 240,   1/h = 960   1/h_c = 120,  NPW = 4 
--------------------------------------------------------------------------------
Step1: S-FEM, low frequency 
Elapsed time is 305.463340 seconds.
--------------------------------------------------------------------------------
Step2: NMLA, low frequency 
Elapsed time is 36.020257 seconds.
--------------------------------------------------------------------------------
Step3: Ray-FEM, high frequency 
Elapsed time is 113.914305 seconds.
--------------------------------------------------------------------------------
Step4: NMLA, high frequency 
Elapsed time is 26.734342 seconds.
--------------------------------------------------------------------------------
Step5: Ray-FEM, high frequency 
Elapsed time is 52.408266 seconds.
Elapsed time is 12.898658 seconds.
--------------------------------------------------------------------------------

case 6: 
omega/(2*pi) = 320,   1/h = 1280   1/h_c = 140,  NPW = 4 
--------------------------------------------------------------------------------
Step1: S-FEM, low frequency 
Elapsed time is 623.823843 seconds.
--------------------------------------------------------------------------------
Step2: NMLA, low frequency 
Elapsed time is 49.129087 seconds.
--------------------------------------------------------------------------------
Step3: Ray-FEM, high frequency 
Elapsed time is 228.571740 seconds.
--------------------------------------------------------------------------------
Step4: NMLA, high frequency 
Elapsed time is 38.200966 seconds.
--------------------------------------------------------------------------------
Step5: Ray-FEM, high frequency 
Elapsed time is 104.999642 seconds.
Elapsed time is 13.389619 seconds.
--------------------------------------------------------------------------------

case 7: 
omega/(2*pi) = 480,   1/h = 1920   1/h_c = 180,  NPW = 4 
--------------------------------------------------------------------------------
Step1: S-FEM, low frequency 
Elapsed time is 1704.111176 seconds.
--------------------------------------------------------------------------------
Step2: NMLA, low frequency 
Elapsed time is 84.651558 seconds.
--------------------------------------------------------------------------------
Step3: Ray-FEM, high frequency 
Elapsed time is 601.411150 seconds.
--------------------------------------------------------------------------------
Step4: NMLA, high frequency 
Elapsed time is 66.812749 seconds.
--------------------------------------------------------------------------------
Step5: Ray-FEM, high frequency 
Elapsed time is 272.669976 seconds.
Elapsed time is 15.965141 seconds.
>> >> >> 

Total running time:  8.088258e+01 minutes 
>> >> >> >> >> >> >> >> >> >> >> >> >> >> >> >> >> >> >> >> >> >> >> >> >> >> 
--------------------------------------------------------------------------------
>> omega:                   >> &  3.77e+02  &  5.03e+02  &  7.54e+02  &  1.01e+03  &  1.51e+03  &  2.01e+03  &  3.02e+03  >> 
omega/2pi:               >> &  6.00e+01  &  8.00e+01  &  1.20e+02  &  1.60e+02  &  2.40e+02  &  3.20e+02  &  4.80e+02  >> 

Grid size h:             >> &  4.17e-03  &  3.13e-03  &  2.08e-03  &  1.56e-03  &  1.04e-03  &  7.81e-04  &  5.21e-04  >> 
1/h:                     >> &  2.40e+02  &  3.20e+02  &  4.80e+02  &  6.40e+02  &  9.60e+02  &  1.28e+03  &  1.92e+03  >> >> 
--------------------------------------------------------------------------------
>> >> 

Max error:               >> &  5.35e-03  &  2.81e-03  &  3.09e-03  &  2.31e-03  &  1.83e-03  &  1.57e-03  &  1.19e-03  >> 

Relative max error:      >> &  2.86e-01  &  1.61e-01  &  2.24e-01  &  1.99e-01  &  1.98e-01  &  1.97e-01  &  1.82e-01  >> 

L2 error:                >> &  1.96e-03  &  1.09e-03  &  4.69e-04  &  2.53e-04  &  1.13e-04  &  7.49e-05  &  4.14e-05  >> 

Relative L2 error:       >> &  1.31e-02  &  1.12e-02  &  8.83e-03  &  7.33e-03  &  6.02e-03  &  6.14e-03  &  6.23e-03  >> >> >> 
--------------------------------------------------------------------------------
>> >> >> >> >> >> >> >> >> >> >> >> 