
                            < M A T L A B (R) >
                  Copyright 1984-2015 The MathWorks, Inc.
                   R2015b (8.6.0.267246) 64-bit (glnxa64)
                              August 20, 2015

 
To get started, type one of these: helpwin, helpdesk, or demo.
For product information, visit www.mathworks.com.
 

	Academic License

>> >> >> >> >> >> >> >> >> >> >> >> >> >> >> >> >> >> >> >> >> >> >> >> >> >> >> >> >> >> >> >> >> >> >> >> >> >> >> >> >> >> >> >> >> >> >> >> >> >> >> >> >> >> >> >> >> >> >> >> >> >> >> >> >> >> >> >> >> >> >> >> >> >> >> --------------------------------------------------------------------------------

case 1: 
omega/(2*pi) = 60,   1/h = 360   1/h_c = 60,  NPW = 6 
--------------------------------------------------------------------------------
Step1: S-FEM, low frequency 
Elapsed time is 38.774682 seconds.
--------------------------------------------------------------------------------
Step2: NMLA, low frequency 
Elapsed time is 9.349272 seconds.
--------------------------------------------------------------------------------
Step3: Ray-FEM, high frequency 
Elapsed time is 11.628922 seconds.
--------------------------------------------------------------------------------
Step4: NMLA, high frequency 
Elapsed time is 4.825957 seconds.
--------------------------------------------------------------------------------
Step5: Ray-FEM, high frequency 
Elapsed time is 5.368092 seconds.
Elapsed time is 12.798563 seconds.
--------------------------------------------------------------------------------

case 2: 
omega/(2*pi) = 80,   1/h = 480   1/h_c = 80,  NPW = 6 
--------------------------------------------------------------------------------
Step1: S-FEM, low frequency 
Elapsed time is 59.475807 seconds.
--------------------------------------------------------------------------------
Step2: NMLA, low frequency 
Elapsed time is 15.110311 seconds.
--------------------------------------------------------------------------------
Step3: Ray-FEM, high frequency 
Elapsed time is 22.743703 seconds.
--------------------------------------------------------------------------------
Step4: NMLA, high frequency 
Elapsed time is 8.785273 seconds.
--------------------------------------------------------------------------------
Step5: Ray-FEM, high frequency 
Elapsed time is 9.974413 seconds.
Elapsed time is 12.937645 seconds.
--------------------------------------------------------------------------------

case 3: 
omega/(2*pi) = 120,   1/h = 720   1/h_c = 80,  NPW = 6 
--------------------------------------------------------------------------------
Step1: S-FEM, low frequency 
Elapsed time is 161.107031 seconds.
--------------------------------------------------------------------------------
Step2: NMLA, low frequency 
Elapsed time is 15.240959 seconds.
--------------------------------------------------------------------------------
Step3: Ray-FEM, high frequency 
Elapsed time is 58.993108 seconds.
--------------------------------------------------------------------------------
Step4: NMLA, high frequency 
Elapsed time is 9.691352 seconds.
--------------------------------------------------------------------------------
Step5: Ray-FEM, high frequency 
Elapsed time is 26.188037 seconds.
Elapsed time is 12.561318 seconds.
--------------------------------------------------------------------------------

case 4: 
omega/(2*pi) = 160,   1/h = 960   1/h_c = 100,  NPW = 6 
--------------------------------------------------------------------------------
Step1: S-FEM, low frequency 
Elapsed time is 306.921034 seconds.
--------------------------------------------------------------------------------
Step2: NMLA, low frequency 
Elapsed time is 24.090314 seconds.
--------------------------------------------------------------------------------
Step3: Ray-FEM, high frequency 
Elapsed time is 115.002414 seconds.
--------------------------------------------------------------------------------
Step4: NMLA, high frequency 
Elapsed time is 15.898905 seconds.
--------------------------------------------------------------------------------
Step5: Ray-FEM, high frequency 
Elapsed time is 51.479658 seconds.
Elapsed time is 12.809516 seconds.
--------------------------------------------------------------------------------

case 5: 
omega/(2*pi) = 240,   1/h = 1440   1/h_c = 120,  NPW = 6 
--------------------------------------------------------------------------------
Step1: S-FEM, low frequency 
Elapsed time is 834.657419 seconds.
--------------------------------------------------------------------------------
Step2: NMLA, low frequency 
Elapsed time is 36.378860 seconds.
--------------------------------------------------------------------------------
Step3: Ray-FEM, high frequency 
Elapsed time is 300.681858 seconds.
--------------------------------------------------------------------------------
Step4: NMLA, high frequency 
Elapsed time is 27.136041 seconds.
--------------------------------------------------------------------------------
Step5: Ray-FEM, high frequency 
Elapsed time is 133.072936 seconds.
Elapsed time is 12.468067 seconds.
--------------------------------------------------------------------------------

case 6: 
omega/(2*pi) = 320,   1/h = 1920   1/h_c = 140,  NPW = 6 
--------------------------------------------------------------------------------
Step1: S-FEM, low frequency 
Elapsed time is 1691.250594 seconds.
--------------------------------------------------------------------------------
Step2: NMLA, low frequency 
Elapsed time is 51.237995 seconds.
--------------------------------------------------------------------------------
Step3: Ray-FEM, high frequency 
Elapsed time is 582.469078 seconds.
--------------------------------------------------------------------------------
Step4: NMLA, high frequency 
Elapsed time is 38.823950 seconds.
--------------------------------------------------------------------------------
Step5: Ray-FEM, high frequency 
Elapsed time is 267.490163 seconds.
Elapsed time is 13.010012 seconds.
--------------------------------------------------------------------------------

case 7: 
omega/(2*pi) = 480,   1/h = 2880   1/h_c = 180,  NPW = 6 
--------------------------------------------------------------------------------
Step1: S-FEM, low frequency 
Elapsed time is 5020.823913 seconds.
--------------------------------------------------------------------------------
Step2: NMLA, low frequency 
Elapsed time is 93.278898 seconds.
--------------------------------------------------------------------------------
Step3: Ray-FEM, high frequency 
Elapsed time is 1545.985749 seconds.
--------------------------------------------------------------------------------
Step4: NMLA, high frequency 
Elapsed time is 73.290033 seconds.
--------------------------------------------------------------------------------
Step5: Ray-FEM, high frequency 
Elapsed time is 706.191272 seconds.
Elapsed time is 13.570782 seconds.
>> >> >> 

Total running time:  2.080433e+02 minutes 
>> >> >> >> >> >> >> >> >> >> >> >> >> >> >> >> >> >> >> >> >> >> >> >> >> >> 
--------------------------------------------------------------------------------
>> omega:                   >> &  3.77e+02  &  5.03e+02  &  7.54e+02  &  1.01e+03  &  1.51e+03  &  2.01e+03  &  3.02e+03  >> 
omega/2pi:               >> &  6.00e+01  &  8.00e+01  &  1.20e+02  &  1.60e+02  &  2.40e+02  &  3.20e+02  &  4.80e+02  >> 

Grid size h:             >> &  2.78e-03  &  2.08e-03  &  1.39e-03  &  1.04e-03  &  6.94e-04  &  5.21e-04  &  3.47e-04  >> 
1/h:                     >> &  3.60e+02  &  4.80e+02  &  7.20e+02  &  9.60e+02  &  1.44e+03  &  1.92e+03  &  2.88e+03  >> >> 
--------------------------------------------------------------------------------
>> >> 

Max error:               >> &  5.33e-03  &  4.02e-03  &  1.90e-03  &  8.43e-04  &  8.18e-04  &  4.26e-04  &  1.97e-04  >> 

Relative max error:      >> &  2.84e-01  &  2.30e-01  &  1.37e-01  &  7.27e-02  &  8.89e-02  &  5.35e-02  &  3.02e-02  >> 

L2 error:                >> &  7.48e-04  &  3.53e-04  &  1.29e-04  &  7.55e-05  &  3.88e-05  &  2.44e-05  &  1.30e-05  >> 

Relative L2 error:       >> &  7.47e-03  &  5.42e-03  &  3.65e-03  &  3.28e-03  &  3.10e-03  &  3.00e-03  &  2.94e-03  >> >> >> 
--------------------------------------------------------------------------------
>> >> >> >> >> >> >> >> >> >> >> >> 