
                            < M A T L A B (R) >
                  Copyright 1984-2015 The MathWorks, Inc.
                   R2015b (8.6.0.267246) 64-bit (glnxa64)
                              August 20, 2015

 
To get started, type one of these: helpwin, helpdesk, or demo.
For product information, visit www.mathworks.com.
 

	Academic License

>> >> >> >> >> >> >> >> >> >> >> >> >> >> >> >> >> >> >> >> >> >> >> >> >> >> >> >> >> >> >> >> >> >> >> >> >> >> >> >> >> >> >> >> >> >> >> >> >> >> >> >> >> >> >> >> >> >> >> >> >> >> >> >> >> >> >> >> >> >> >> >> >> >> >> --------------------------------------------------------------------------------

case 1: 
omega/(2*pi) = 60,   1/h = 480   1/h_c = 60,  NPW = 8 
--------------------------------------------------------------------------------
Step1: S-FEM, low frequency 
Elapsed time is 69.693890 seconds.
--------------------------------------------------------------------------------
Step2: NMLA, low frequency 
Elapsed time is 9.234454 seconds.
--------------------------------------------------------------------------------
Step3: Ray-FEM, high frequency 
Elapsed time is 22.463535 seconds.
--------------------------------------------------------------------------------
Step4: NMLA, high frequency 
Elapsed time is 4.962714 seconds.
--------------------------------------------------------------------------------
Step5: Ray-FEM, high frequency 
Elapsed time is 9.897981 seconds.
Elapsed time is 13.069881 seconds.
--------------------------------------------------------------------------------

case 2: 
omega/(2*pi) = 80,   1/h = 640   1/h_c = 80,  NPW = 8 
--------------------------------------------------------------------------------
Step1: S-FEM, low frequency 
Elapsed time is 121.626746 seconds.
--------------------------------------------------------------------------------
Step2: NMLA, low frequency 
Elapsed time is 15.033400 seconds.
--------------------------------------------------------------------------------
Step3: Ray-FEM, high frequency 
Elapsed time is 43.734778 seconds.
--------------------------------------------------------------------------------
Step4: NMLA, high frequency 
Elapsed time is 8.991979 seconds.
--------------------------------------------------------------------------------
Step5: Ray-FEM, high frequency 
Elapsed time is 19.254854 seconds.
Elapsed time is 12.375332 seconds.
--------------------------------------------------------------------------------

case 3: 
omega/(2*pi) = 120,   1/h = 960   1/h_c = 80,  NPW = 8 
--------------------------------------------------------------------------------
Step1: S-FEM, low frequency 
Elapsed time is 311.046300 seconds.
--------------------------------------------------------------------------------
Step2: NMLA, low frequency 
Elapsed time is 15.844597 seconds.
--------------------------------------------------------------------------------
Step3: Ray-FEM, high frequency 
Elapsed time is 114.858571 seconds.
--------------------------------------------------------------------------------
Step4: NMLA, high frequency 
Elapsed time is 10.223241 seconds.
--------------------------------------------------------------------------------
Step5: Ray-FEM, high frequency 
Elapsed time is 52.218233 seconds.
Elapsed time is 12.655967 seconds.
--------------------------------------------------------------------------------

case 4: 
omega/(2*pi) = 160,   1/h = 1280   1/h_c = 100,  NPW = 8 
--------------------------------------------------------------------------------
Step1: S-FEM, low frequency 
Elapsed time is 623.724743 seconds.
--------------------------------------------------------------------------------
Step2: NMLA, low frequency 
Elapsed time is 25.577452 seconds.
--------------------------------------------------------------------------------
Step3: Ray-FEM, high frequency 
Elapsed time is 225.825264 seconds.
--------------------------------------------------------------------------------
Step4: NMLA, high frequency 
Elapsed time is 16.736528 seconds.
--------------------------------------------------------------------------------
Step5: Ray-FEM, high frequency 
Elapsed time is 101.282357 seconds.
Elapsed time is 12.829005 seconds.
--------------------------------------------------------------------------------

case 5: 
omega/(2*pi) = 240,   1/h = 1920   1/h_c = 120,  NPW = 8 
--------------------------------------------------------------------------------
Step1: S-FEM, low frequency 
Elapsed time is 1691.482045 seconds.
--------------------------------------------------------------------------------
Step2: NMLA, low frequency 
Elapsed time is 38.760920 seconds.
--------------------------------------------------------------------------------
Step3: Ray-FEM, high frequency 
Elapsed time is 583.513952 seconds.
--------------------------------------------------------------------------------
Step4: NMLA, high frequency 
Elapsed time is 29.083866 seconds.
--------------------------------------------------------------------------------
Step5: Ray-FEM, high frequency 
Elapsed time is 268.757024 seconds.
Elapsed time is 13.302314 seconds.
--------------------------------------------------------------------------------

case 6: 
omega/(2*pi) = 320,   1/h = 2560   1/h_c = 140,  NPW = 8 
--------------------------------------------------------------------------------
Step1: S-FEM, low frequency 
Elapsed time is 3730.737578 seconds.
--------------------------------------------------------------------------------
Step2: NMLA, low frequency 
Elapsed time is 55.560814 seconds.
--------------------------------------------------------------------------------
Step3: Ray-FEM, high frequency 
Elapsed time is 1178.818693 seconds.
--------------------------------------------------------------------------------
Step4: NMLA, high frequency 
Elapsed time is 42.283762 seconds.
--------------------------------------------------------------------------------
Step5: Ray-FEM, high frequency 
Elapsed time is 527.422564 seconds.
Elapsed time is 12.988784 seconds.
>> >> >> 

Total running time:  1.677087e+02 minutes 
>> >> >> >> >> >> >> >> >> >> >> >> >> >> >> >> >> >> >> >> >> >> >> >> >> >> 
--------------------------------------------------------------------------------
>> omega:                   >> &  3.77e+02  &  5.03e+02  &  7.54e+02  &  1.01e+03  &  1.51e+03  &  2.01e+03  &  3.02e+03  >> 
omega/2pi:               >> &  6.00e+01  &  8.00e+01  &  1.20e+02  &  1.60e+02  &  2.40e+02  &  3.20e+02  &  4.80e+02  >> 

Grid size h:             >> &  2.08e-03  &  1.56e-03  &  1.04e-03  &  7.81e-04  &  5.21e-04  &  3.91e-04  &  2.60e-04  >> 
1/h:                     >> &  4.80e+02  &  6.40e+02  &  9.60e+02  &  1.28e+03  &  1.92e+03  &  2.56e+03  &  3.84e+03  >> >> 
--------------------------------------------------------------------------------
>> >> 

Max error:               >> &  3.97e-03  &  2.95e-03  &  1.90e-03  &  1.12e-03  &  2.84e-04  &  2.15e-04  &  00  >> 

Relative max error:      >> &  2.12e-01  &  1.69e-01  &  1.38e-01  &  9.62e-02  &  3.08e-02  &  2.71e-02  &  00  >> 

L2 error:                >> &  4.50e-04  &  2.08e-04  &  8.35e-05  &  4.97e-05  &  2.61e-05  &  1.69e-05  &  00  >> 

Relative L2 error:       >> &  5.99e-03  &  4.26e-03  &  3.14e-03  &  2.88e-03  &  2.77e-03  &  2.76e-03  &  00  >> >> >> 
--------------------------------------------------------------------------------
>> >> >> >> >> >> >> >> >> >> >> >> 