
                            < M A T L A B (R) >
                  Copyright 1984-2015 The MathWorks, Inc.
                   R2015b (8.6.0.267246) 64-bit (glnxa64)
                              August 20, 2015

 
To get started, type one of these: helpwin, helpdesk, or demo.
For product information, visit www.mathworks.com.
 

	Academic License

>> >> >> >> >> >> >> >> >> >> >> >> >> >> >> >> >> >> >> >> >> >> >> >> >> >> >> >> >> >> >> >> >> >> >> >> >> >> >> >> >> >> >> >> >> >> >> >> >> >> >> >> >> >> >> >> >> >> >> >> >> >> >> >> >> >> >> >> >> >> >> >> >> >> >> --------------------------------------------------------------------------------

case 1: 
omega/(2*pi) = 60,   1/h = 480   1/h_c = 60,  NPW = 8 
--------------------------------------------------------------------------------
Step1: S-FEM, low frequency 
Elapsed time is 65.578616 seconds.
--------------------------------------------------------------------------------
Step2: NMLA, low frequency 
Elapsed time is 10.193855 seconds.
--------------------------------------------------------------------------------
Step3: Ray-FEM, high frequency 
Elapsed time is 21.062870 seconds.
--------------------------------------------------------------------------------
Step4: NMLA, high frequency 
Elapsed time is 5.109396 seconds.
--------------------------------------------------------------------------------
Step5: Ray-FEM, high frequency 
Elapsed time is 9.677314 seconds.
Elapsed time is 12.040395 seconds.
--------------------------------------------------------------------------------

case 2: 
omega/(2*pi) = 80,   1/h = 640   1/h_c = 80,  NPW = 8 
--------------------------------------------------------------------------------
Step1: S-FEM, low frequency 
Elapsed time is 111.541205 seconds.
--------------------------------------------------------------------------------
Step2: NMLA, low frequency 
Elapsed time is 14.798426 seconds.
--------------------------------------------------------------------------------
Step3: Ray-FEM, high frequency 
Elapsed time is 42.468281 seconds.
--------------------------------------------------------------------------------
Step4: NMLA, high frequency 
Elapsed time is 8.710046 seconds.
--------------------------------------------------------------------------------
Step5: Ray-FEM, high frequency 
Elapsed time is 18.773649 seconds.
Elapsed time is 12.217350 seconds.
--------------------------------------------------------------------------------

case 3: 
omega/(2*pi) = 120,   1/h = 960   1/h_c = 80,  NPW = 8 
--------------------------------------------------------------------------------
Step1: S-FEM, low frequency 
Elapsed time is 286.775359 seconds.
--------------------------------------------------------------------------------
Step2: NMLA, low frequency 
Elapsed time is 15.507700 seconds.
--------------------------------------------------------------------------------
Step3: Ray-FEM, high frequency 
Elapsed time is 106.845924 seconds.
--------------------------------------------------------------------------------
Step4: NMLA, high frequency 
Elapsed time is 9.677542 seconds.
--------------------------------------------------------------------------------
Step5: Ray-FEM, high frequency 
Elapsed time is 48.926926 seconds.
Elapsed time is 11.959468 seconds.
--------------------------------------------------------------------------------

case 4: 
omega/(2*pi) = 160,   1/h = 1280   1/h_c = 100,  NPW = 8 
--------------------------------------------------------------------------------
Step1: S-FEM, low frequency 
Elapsed time is 586.380205 seconds.
--------------------------------------------------------------------------------
Step2: NMLA, low frequency 
Elapsed time is 24.780909 seconds.
--------------------------------------------------------------------------------
Step3: Ray-FEM, high frequency 
Elapsed time is 211.422714 seconds.
--------------------------------------------------------------------------------
Step4: NMLA, high frequency 
Elapsed time is 15.840649 seconds.
--------------------------------------------------------------------------------
Step5: Ray-FEM, high frequency 
Elapsed time is 97.303111 seconds.
Elapsed time is 11.864662 seconds.
--------------------------------------------------------------------------------

case 5: 
omega/(2*pi) = 240,   1/h = 1920   1/h_c = 120,  NPW = 8 
--------------------------------------------------------------------------------
Step1: S-FEM, low frequency 
Elapsed time is 1586.402313 seconds.
--------------------------------------------------------------------------------
Step2: NMLA, low frequency 
Elapsed time is 36.745813 seconds.
--------------------------------------------------------------------------------
Step3: Ray-FEM, high frequency 
Elapsed time is 542.284718 seconds.
--------------------------------------------------------------------------------
Step4: NMLA, high frequency 
Elapsed time is 26.975529 seconds.
--------------------------------------------------------------------------------
Step5: Ray-FEM, high frequency 
Elapsed time is 254.261202 seconds.
Elapsed time is 12.245719 seconds.
--------------------------------------------------------------------------------

case 6: 
omega/(2*pi) = 320,   1/h = 2560   1/h_c = 140,  NPW = 8 
--------------------------------------------------------------------------------
Step1: S-FEM, low frequency 
Elapsed time is 3428.990868 seconds.
--------------------------------------------------------------------------------
Step2: NMLA, low frequency 
Elapsed time is 52.517523 seconds.
--------------------------------------------------------------------------------
Step3: Ray-FEM, high frequency 
Elapsed time is 1089.401043 seconds.
--------------------------------------------------------------------------------
Step4: NMLA, high frequency 
Elapsed time is 39.548929 seconds.
--------------------------------------------------------------------------------
Step5: Ray-FEM, high frequency 
Elapsed time is 498.919610 seconds.
Elapsed time is 14.314209 seconds.
--------------------------------------------------------------------------------

case 7: 
omega/(2*pi) = 480,   1/h = 3840   1/h_c = 180,  NPW = 8 
--------------------------------------------------------------------------------
Step1: S-FEM, low frequency 
